2026-05-27 19:14:22,893 | [INFO] | AdvScanner | [REVOLUTIONARY] AI, Quantum, Blockchain, IoT, and Hypervisor engines initialized
2026-05-27 19:19:18,376 | [WARNING] | AdvScanner | impacket not available — Windows exploitation disabled
2026-05-27 19:19:19,294 | [INFO] | AdvScanner | [REVOLUTIONARY] AI, Quantum, Blockchain, IoT, and Hypervisor engines initialized
2026-05-27 19:19:19,295 | [INFO] | AdvScanner | [OMNISCIENCE-ENGINE] Initializing complete revolutionary domination system...
2026-05-27 19:19:19,295 | [INFO] | AdvScanner | [REMOTE-HIJACKING] Location-independent global domination initialized
2026-05-27 19:19:19,296 | [INFO] | AdvScanner | [PRIVATE-NETWORK-ATTACK] Underground network domination initialized
2026-05-27 19:19:19,297 | [INFO] | AdvScanner | [VPN-DISCOVERY] Virtual private network domination initialized
2026-05-27 19:19:19,297 | [INFO] | AdvScanner | [ADVANCED-HIJACKING] Advanced system domination initialized
2026-05-27 19:19:19,298 | [INFO] | AdvScanner | [POWERFUL-AI-ANALYSIS] God-level intelligence analysis initialized
2026-05-27 19:19:19,298 | [INFO] | AdvScanner | [DEVICE-DISPLAY] Comprehensive device intelligence display initialized
2026-05-27 19:19:19,299 | [INFO] | AdvScanner | [ADVANCED-ATTACK] 2100-level attack capabilities initialized
2026-05-27 19:19:19,300 | [INFO] | AdvScanner | [UNIVERSAL-EXTRACTION] Complete data extraction capabilities initialized
2026-05-27 19:19:19,301 | [INFO] | AdvScanner | [LOG-ENGINE] Complete audit trail and logging initialized
2026-05-27 19:19:27,872 | [INFO] | AdvScanner | [OMNIAI-SWARM] Initialized 1000000 revolutionary AI agents
2026-05-27 19:25:11,429 | [INFO] | AdvScanner | [GEO] 1.1.1.1 -> South Brisbane, Australia via ip-api
2026-05-27 19:32:24,660 | [WARNING] | AdvScanner | impacket not available — Windows exploitation disabled
2026-05-27 19:32:41,127 | [WARNING] | AdvScanner | impacket not available — Windows exploitation disabled
2026-05-27 19:33:06,803 | [WARNING] | AdvScanner | impacket not available — Windows exploitation disabled
2026-05-27 19:33:08,132 | [INFO] | AdvScanner | [REVOLUTIONARY] AI, Quantum, Blockchain, IoT, and Hypervisor engines initialized
2026-05-27 19:33:08,133 | [INFO] | AdvScanner | [OMNISCIENCE-ENGINE] Initializing complete revolutionary domination system...
2026-05-27 19:33:08,134 | [INFO] | AdvScanner | [REMOTE-HIJACKING] Location-independent global domination initialized
2026-05-27 19:33:08,135 | [INFO] | AdvScanner | [PRIVATE-NETWORK-ATTACK] Underground network domination initialized
2026-05-27 19:33:08,136 | [INFO] | AdvScanner | [VPN-DISCOVERY] Virtual private network domination initialized
2026-05-27 19:33:08,137 | [INFO] | AdvScanner | [ADVANCED-HIJACKING] Advanced system domination initialized
2026-05-27 19:33:08,137 | [INFO] | AdvScanner | [POWERFUL-AI-ANALYSIS] God-level intelligence analysis initialized
2026-05-27 19:33:08,138 | [INFO] | AdvScanner | [DEVICE-DISPLAY] Comprehensive device intelligence display initialized
2026-05-27 19:33:08,139 | [INFO] | AdvScanner | [ADVANCED-ATTACK] 2100-level attack capabilities initialized
2026-05-27 19:33:08,141 | [INFO] | AdvScanner | [UNIVERSAL-EXTRACTION] Complete data extraction capabilities initialized
2026-05-27 19:33:08,142 | [INFO] | AdvScanner | [LOG-ENGINE] Complete audit trail and logging initialized
2026-05-27 19:33:21,797 | [INFO] | AdvScanner | [OMNIAI-SWARM] Initialized 1000000 revolutionary AI agents
2026-05-27 19:33:30,671 | [WARNING] | AdvScanner | impacket not available — Windows exploitation disabled
2026-05-27 19:33:48,431 | [WARNING] | AdvScanner | impacket not available — Windows exploitation disabled
2026-05-27 19:34:19,402 | [WARNING] | AdvScanner | impacket not available — Windows exploitation disabled
2026-05-27 19:35:12,533 | [WARNING] | AdvScanner | impacket not available — Windows exploitation disabled
